2025-02-21 21:16:52.375 | INFO     | __main__:main:16 - User input: アルベルト・アインシュタイン
2025-02-21 21:16:57.817 | ERROR    | __main__:main:81 - Unexpected error: 'data' is undefined
Traceback (most recent call last):

  File "C:\Users\pearj\Desktop\Pycharm\biography_analyzer\main.py", line 84, in <module>
    main()
    └ <function main at 0x000001F8C4FD47C0>

> File "C:\Users\pearj\Desktop\Pycharm\biography_analyzer\main.py", line 74, in main
    report_generator.generate_report(report_data, output_path="data/output/report.html")
    │                │               └ {'person_name': 'アルベルト・アインシュタイン', 'basic_info': {'生誕': '', '死没': '（76歳没）', '居住': '（現在の）', '国籍': '、\xa0(1879-96)\n\xa0(1896-19...
    │                └ <function ReportGenerator.generate_report at 0x000001F8FFC65580>
    └ <report_generator.ReportGenerator object at 0x000001F8AB68F0E0>

  File "C:\Users\pearj\Desktop\Pycharm\biography_analyzer\report_generator.py", line 36, in generate_report
    f.write(template.render(data))
    │ │     │        │      └ {'person_name': 'アルベルト・アインシュタイン', 'basic_info': {'生誕': '', '死没': '（76歳没）', '居住': '（現在の）', '国籍': '、\xa0(1879-96)\n\xa0(1896-19...
    │ │     │        └ <function Template.render at 0x000001F8FFD8B060>
    │ │     └ <Template 'report.html'>
    │ └ <method 'write' of '_io.TextIOWrapper' objects>
    └ <_io.TextIOWrapper name='data/output/report.html' mode='w' encoding='utf-8'>

  File "C:\Users\pearj\Desktop\Pycharm\biography_analyzer\.venv\Lib\site-packages\jinja2\environment.py", line 1295, in render
    self.environment.handle_exception()
    │    │           └ <function Environment.handle_exception at 0x000001F8FFD8A8E0>
    │    └ <jinja2.environment.Environment object at 0x000001F8AB68F380>
    └ <Template 'report.html'>
  File "C:\Users\pearj\Desktop\Pycharm\biography_analyzer\.venv\Lib\site-packages\jinja2\environment.py", line 942, in handle_exception
    raise rewrite_traceback_stack(source=source)
          │                              └ None
          └ <function rewrite_traceback_stack at 0x000001F8AE91D260>
  File "templates\report.html", line 5, in top-level template code
    <title>{{ data.person_name }} の分析レポート</title>
  File "C:\Users\pearj\Desktop\Pycharm\biography_analyzer\.venv\Lib\site-packages\jinja2\environment.py", line 490, in getattr
    return getattr(obj, attribute)
                   │    └ 'person_name'
                   └ Undefined

jinja2.exceptions.UndefinedError: 'data' is undefined
2025-02-21 21:19:13.452 | INFO     | __main__:main:16 - User input: アルベルト・アインシュタイン
2025-02-21 21:19:18.847 | ERROR    | __main__:main:81 - Unexpected error: 'data' is undefined
Traceback (most recent call last):

  File "C:\Users\pearj\Desktop\Pycharm\biography_analyzer\main.py", line 84, in <module>
    main()
    └ <function main at 0x0000020200BF47C0>

> File "C:\Users\pearj\Desktop\Pycharm\biography_analyzer\main.py", line 74, in main
    report_generator.generate_report(report_data, output_path="data/output/report.html")
    │                │               └ {'person_name': 'アルベルト・アインシュタイン', 'basic_info': {'生誕': '', '死没': '（76歳没）', '居住': '（現在の）', '国籍': '、\xa0(1879-96)\n\xa0(1896-19...
    │                └ <function ReportGenerator.generate_report at 0x0000020266811580>
    └ <report_generator.ReportGenerator object at 0x00000202672870E0>

  File "C:\Users\pearj\Desktop\Pycharm\biography_analyzer\report_generator.py", line 36, in generate_report
    f.write(template.render(data))
    │ │     │        │      └ {'person_name': 'アルベルト・アインシュタイン', 'basic_info': {'生誕': '', '死没': '（76歳没）', '居住': '（現在の）', '国籍': '、\xa0(1879-96)\n\xa0(1896-19...
    │ │     │        └ <function Template.render at 0x0000020266937060>
    │ │     └ <Template 'report.html'>
    │ └ <method 'write' of '_io.TextIOWrapper' objects>
    └ <_io.TextIOWrapper name='data/output/report.html' mode='w' encoding='utf-8'>

  File "C:\Users\pearj\Desktop\Pycharm\biography_analyzer\.venv\Lib\site-packages\jinja2\environment.py", line 1295, in render
    self.environment.handle_exception()
    │    │           └ <function Environment.handle_exception at 0x00000202669368E0>
    │    └ <jinja2.environment.Environment object at 0x0000020267287380>
    └ <Template 'report.html'>
  File "C:\Users\pearj\Desktop\Pycharm\biography_analyzer\.venv\Lib\site-packages\jinja2\environment.py", line 942, in handle_exception
    raise rewrite_traceback_stack(source=source)
          │                              └ None
          └ <function rewrite_traceback_stack at 0x000002026A5BC220>
  File "templates\report.html", line 5, in top-level template code
    <title>{{ data.person_name }} の分析レポート</title>
  File "C:\Users\pearj\Desktop\Pycharm\biography_analyzer\.venv\Lib\site-packages\jinja2\environment.py", line 490, in getattr
    return getattr(obj, attribute)
                   │    └ 'person_name'
                   └ Undefined

jinja2.exceptions.UndefinedError: 'data' is undefined
2025-02-21 21:20:55.973 | INFO     | __main__:main:15 - User input: アルベルト・アインシュタイン
2025-02-21 21:21:00.153 | ERROR    | __main__:main:82 - Unexpected error: 'data' is undefined
Traceback (most recent call last):

  File "C:\Users\pearj\Desktop\Pycharm\biography_analyzer\main.py", line 86, in <module>
    main()
    └ <function main at 0x0000020BA9D247C0>

> File "C:\Users\pearj\Desktop\Pycharm\biography_analyzer\main.py", line 75, in main
    report_generator.generate_report(report_data, output_path="data/output/report.html")
    │                │               └ {'person_name': 'アルベルト・アインシュタイン', 'basic_info': {'生誕': '', '死没': '（76歳没）', '居住': '（現在の）', '国籍': '、\xa0(1879-96)\n\xa0(1896-19...
    │                └ <function ReportGenerator.generate_report at 0x0000020B8FA75580>
    └ <report_generator.ReportGenerator object at 0x0000020B904FF0E0>

  File "C:\Users\pearj\Desktop\Pycharm\biography_analyzer\report_generator.py", line 36, in generate_report
    f.write(template.render(data))
    │ │     │        │      └ {'person_name': 'アルベルト・アインシュタイン', 'basic_info': {'生誕': '', '死没': '（76歳没）', '居住': '（現在の）', '国籍': '、\xa0(1879-96)\n\xa0(1896-19...
    │ │     │        └ <function Template.render at 0x0000020B8FB9B060>
    │ │     └ <Template 'report.html'>
    │ └ <method 'write' of '_io.TextIOWrapper' objects>
    └ <_io.TextIOWrapper name='data/output/report.html' mode='w' encoding='utf-8'>

  File "C:\Users\pearj\Desktop\Pycharm\biography_analyzer\.venv\Lib\site-packages\jinja2\environment.py", line 1295, in render
    self.environment.handle_exception()
    │    │           └ <function Environment.handle_exception at 0x0000020B8FB9A8E0>
    │    └ <jinja2.environment.Environment object at 0x0000020B904FF380>
    └ <Template 'report.html'>
  File "C:\Users\pearj\Desktop\Pycharm\biography_analyzer\.venv\Lib\site-packages\jinja2\environment.py", line 942, in handle_exception
    raise rewrite_traceback_stack(source=source)
          │                              └ None
          └ <function rewrite_traceback_stack at 0x0000020B9378C180>
  File "templates\report.html", line 5, in top-level template code
    <title>{{ data.person_name }} の分析レポート</title>
  File "C:\Users\pearj\Desktop\Pycharm\biography_analyzer\.venv\Lib\site-packages\jinja2\environment.py", line 490, in getattr
    return getattr(obj, attribute)
                   │    └ 'person_name'
                   └ Undefined

jinja2.exceptions.UndefinedError: 'data' is undefined
2025-02-21 21:24:07.297 | INFO     | __main__:main:15 - User input: アルベルト・アインシュタイン
2025-02-21 21:24:11.530 | ERROR    | __main__:main:80 - Unexpected error: 'data' is undefined
Traceback (most recent call last):

  File "C:\Users\pearj\Desktop\Pycharm\biography_analyzer\main.py", line 84, in <module>
    main()
    └ <function main at 0x000002CD58A147C0>

> File "C:\Users\pearj\Desktop\Pycharm\biography_analyzer\main.py", line 73, in main
    report_generator.generate_report(report_data, output_path="data/output/report.html")
    │                │               └ {'person_name': 'アルベルト・アインシュタイン', 'basic_info': {'生誕': '', '死没': '（76歳没）', '居住': '（現在の）', '国籍': '、\xa0(1879-96)\n\xa0(1896-19...
    │                └ <function ReportGenerator.generate_report at 0x000002CD3E681580>
    └ <report_generator.ReportGenerator object at 0x000002CD3F0A70E0>

  File "C:\Users\pearj\Desktop\Pycharm\biography_analyzer\report_generator.py", line 36, in generate_report
    f.write(template.render(data))
    │ │     │        │      └ {'person_name': 'アルベルト・アインシュタイン', 'basic_info': {'生誕': '', '死没': '（76歳没）', '居住': '（現在の）', '国籍': '、\xa0(1879-96)\n\xa0(1896-19...
    │ │     │        └ <function Template.render at 0x000002CD3E7A7060>
    │ │     └ <Template 'report.html'>
    │ └ <method 'write' of '_io.TextIOWrapper' objects>
    └ <_io.TextIOWrapper name='data/output/report.html' mode='w' encoding='utf-8'>

  File "C:\Users\pearj\Desktop\Pycharm\biography_analyzer\.venv\Lib\site-packages\jinja2\environment.py", line 1295, in render
    self.environment.handle_exception()
    │    │           └ <function Environment.handle_exception at 0x000002CD3E7A68E0>
    │    └ <jinja2.environment.Environment object at 0x000002CD3F0A7380>
    └ <Template 'report.html'>
  File "C:\Users\pearj\Desktop\Pycharm\biography_analyzer\.venv\Lib\site-packages\jinja2\environment.py", line 942, in handle_exception
    raise rewrite_traceback_stack(source=source)
          │                              └ None
          └ <function rewrite_traceback_stack at 0x000002CD42420180>
  File "templates\report.html", line 5, in top-level template code
    <title>{{ data.person_name }} の分析レポート</title>
  File "C:\Users\pearj\Desktop\Pycharm\biography_analyzer\.venv\Lib\site-packages\jinja2\environment.py", line 490, in getattr
    return getattr(obj, attribute)
                   │    └ 'person_name'
                   └ Undefined

jinja2.exceptions.UndefinedError: 'data' is undefined
2025-02-21 21:25:19.384 | INFO     | __main__:main:15 - User input: アルベルト・アインシュタイン
2025-02-21 21:25:23.629 | INFO     | __main__:main:74 - Report generated at: data/output/report.html
2025-02-21 21:26:11.913 | INFO     | __main__:main:15 - User input: アルベルト・アインシュタイン
2025-02-21 21:26:17.815 | INFO     | __main__:main:74 - Report generated at: data/output/report.html
2025-02-21 21:30:33.979 | INFO     | __main__:main:15 - User input: アルベルト・アインシュタイン
2025-02-21 21:30:37.423 | ERROR    | __main__:main:80 - Unexpected error: cannot open resource
Traceback (most recent call last):

  File "C:\Users\pearj\Desktop\Pycharm\biography_analyzer\main.py", line 84, in <module>
    main()
    └ <function main at 0x000001C1DF2047C0>

> File "C:\Users\pearj\Desktop\Pycharm\biography_analyzer\main.py", line 56, in main
    visualizer.create_wordcloud(cleaned_text)
    │          │                └ 'アルベルト・アインシュタイン （ 独 : 、 1879年 3月14日 - 1955年 4月18日 ）は、 ドイツ 生まれの 理論物理学者 、 社会主義者 。 ユダヤ人 。 スイス連邦工科大学チューリッヒ校 卒業。 特殊相対性理論 および 一般相対性...
    │          └ <function Visualizer.create_wordcloud at 0x000001C1C4E60C20>
    └ <visualizer.Visualizer object at 0x000001C1C5150980>

  File "C:\Users\pearj\Desktop\Pycharm\biography_analyzer\visualizer.py", line 99, in create_wordcloud
    ).generate(text)
               └ 'アルベルト・アインシュタイン （ 独 : 、 1879年 3月14日 - 1955年 4月18日 ）は、 ドイツ 生まれの 理論物理学者 、 社会主義者 。 ユダヤ人 。 スイス連邦工科大学チューリッヒ校 卒業。 特殊相対性理論 および 一般相対性...

  File "C:\Users\pearj\Desktop\Pycharm\biography_analyzer\.venv\Lib\site-packages\wordcloud\wordcloud.py", line 642, in generate
    return self.generate_from_text(text)
           │    │                  └ 'アルベルト・アインシュタイン （ 独 : 、 1879年 3月14日 - 1955年 4月18日 ）は、 ドイツ 生まれの 理論物理学者 、 社会主義者 。 ユダヤ人 。 スイス連邦工科大学チューリッヒ校 卒業。 特殊相対性理論 および 一般相対性...
           │    └ <function WordCloud.generate_from_text at 0x000001C1936C8EA0>
           └ <wordcloud.wordcloud.WordCloud object at 0x000001C1C590B0E0>
  File "C:\Users\pearj\Desktop\Pycharm\biography_analyzer\.venv\Lib\site-packages\wordcloud\wordcloud.py", line 624, in generate_from_text
    self.generate_from_frequencies(words)
    │    │                         └ {'アルベルト': 5, 'アインシュタイン': 11, '独': 1, '1879年': 1, '3月14日': 1, '1955年': 1, '4月18日': 1, 'は': 11, 'ドイツ': 2, '生まれの': 1, '理論物理学者': ...
    │    └ <function WordCloud.generate_from_frequencies at 0x000001C1936C8D60>
    └ <wordcloud.wordcloud.WordCloud object at 0x000001C1C590B0E0>
  File "C:\Users\pearj\Desktop\Pycharm\biography_analyzer\.venv\Lib\site-packages\wordcloud\wordcloud.py", line 453, in generate_from_frequencies
    self.generate_from_frequencies(dict(frequencies[:2]),
    │    │                              └ [('の', 1.0), ('また', 0.8), ('アインシュタイン', 0.7333333333333333), ('は', 0.7333333333333333), ('アインシュタインは', 0.6666666666666666), ('し...
    │    └ <function WordCloud.generate_from_frequencies at 0x000001C1936C8D60>
    └ <wordcloud.wordcloud.WordCloud object at 0x000001C1C590B0E0>
  File "C:\Users\pearj\Desktop\Pycharm\biography_analyzer\.venv\Lib\site-packages\wordcloud\wordcloud.py", line 506, in generate_from_frequencies
    font = ImageFont.truetype(self.font_path, font_size)
           │         │        │    │          └ 600
           │         │        │    └ 'IPAexGothic'
           │         │        └ <wordcloud.wordcloud.WordCloud object at 0x000001C1C590B0E0>
           │         └ <function truetype at 0x000001C1936C80E0>
           └ <module 'PIL.ImageFont' from 'C:\\Users\\pearj\\Desktop\\Pycharm\\biography_analyzer\\.venv\\Lib\\site-packages\\PIL\\ImageFo...
  File "C:\Users\pearj\Desktop\Pycharm\biography_analyzer\.venv\Lib\site-packages\PIL\ImageFont.py", line 879, in truetype
    return freetype(font)
           │        └ 'IPAexGothic'
           └ <function truetype.<locals>.freetype at 0x000001C1C8647240>
  File "C:\Users\pearj\Desktop\Pycharm\biography_analyzer\.venv\Lib\site-packages\PIL\ImageFont.py", line 876, in freetype
    return FreeTypeFont(font, size, index, encoding, layout_engine)
           │            │     │     │      │         └ None
           │            │     │     │      └ ''
           │            │     │     └ 0
           │            │     └ 600
           │            └ 'IPAexGothic'
           └ <class 'PIL.ImageFont.FreeTypeFont'>
  File "C:\Users\pearj\Desktop\Pycharm\biography_analyzer\.venv\Lib\site-packages\PIL\ImageFont.py", line 284, in __init__
    self.font = core.getfont(
    │           │    └ <built-in function getfont>
    │           └ <module 'PIL._imagingft' from 'C:\\Users\\pearj\\Desktop\\Pycharm\\biography_analyzer\\.venv\\Lib\\site-packages\\PIL\\_imagi...
    └ <PIL.ImageFont.FreeTypeFont object at 0x000001C1C590B620>

OSError: cannot open resource
2025-02-21 21:32:38.011 | INFO     | __main__:main:15 - User input: アルベルト・アインシュタイン
2025-02-21 21:32:42.300 | INFO     | __main__:main:74 - Report generated at: data/output/report.html
2025-02-21 21:49:59.901 | INFO     | __main__:main:15 - User input: アルベルト・アインシュタイン
2025-02-21 21:50:03.602 | ERROR    | __main__:main:80 - Unexpected error: cannot open resource
Traceback (most recent call last):

  File "C:\Users\pearj\Desktop\Pycharm\biography_analyzer\main.py", line 84, in <module>
    main()
    └ <function main at 0x000001C0A00D47C0>

> File "C:\Users\pearj\Desktop\Pycharm\biography_analyzer\main.py", line 56, in main
    visualizer.create_wordcloud(cleaned_text)
    │          │                └ 'アルベルト・アインシュタイン （ 独 : 、 1879年 3月14日 - 1955年 4月18日 ）は、 ドイツ 生まれの 理論物理学者 、 社会主義者 。 ユダヤ人 。 スイス連邦工科大学チューリッヒ校 卒業。 特殊相対性理論 および 一般相対性...
    │          └ <function Visualizer.create_wordcloud at 0x000001C085BF5760>
    └ <visualizer.Visualizer object at 0x000001C085F40EC0>

  File "C:\Users\pearj\Desktop\Pycharm\biography_analyzer\visualizer.py", line 98, in create_wordcloud
    ).generate(text)
               └ 'アルベルト・アインシュタイン （ 独 : 、 1879年 3月14日 - 1955年 4月18日 ）は、 ドイツ 生まれの 理論物理学者 、 社会主義者 。 ユダヤ人 。 スイス連邦工科大学チューリッヒ校 卒業。 特殊相対性理論 および 一般相対性...

  File "C:\Users\pearj\Desktop\Pycharm\biography_analyzer\.venv\Lib\site-packages\wordcloud\wordcloud.py", line 642, in generate
    return self.generate_from_text(text)
           │    │                  └ 'アルベルト・アインシュタイン （ 独 : 、 1879年 3月14日 - 1955年 4月18日 ）は、 ドイツ 生まれの 理論物理学者 、 社会主義者 。 ユダヤ人 。 スイス連邦工科大学チューリッヒ校 卒業。 特殊相対性理論 および 一般相対性...
           │    └ <function WordCloud.generate_from_text at 0x000001C0D4548EA0>
           └ <wordcloud.wordcloud.WordCloud object at 0x000001C0866FF620>
  File "C:\Users\pearj\Desktop\Pycharm\biography_analyzer\.venv\Lib\site-packages\wordcloud\wordcloud.py", line 624, in generate_from_text
    self.generate_from_frequencies(words)
    │    │                         └ {'アルベルト': 5, 'アインシュタイン': 11, '独': 1, '1879年': 1, '3月14日': 1, '1955年': 1, '4月18日': 1, 'は': 11, 'ドイツ': 2, '生まれの': 1, '理論物理学者': ...
    │    └ <function WordCloud.generate_from_frequencies at 0x000001C0D4548D60>
    └ <wordcloud.wordcloud.WordCloud object at 0x000001C0866FF620>
  File "C:\Users\pearj\Desktop\Pycharm\biography_analyzer\.venv\Lib\site-packages\wordcloud\wordcloud.py", line 453, in generate_from_frequencies
    self.generate_from_frequencies(dict(frequencies[:2]),
    │    │                              └ [('の', 1.0), ('また', 0.8), ('アインシュタイン', 0.7333333333333333), ('は', 0.7333333333333333), ('アインシュタインは', 0.6666666666666666), ('し...
    │    └ <function WordCloud.generate_from_frequencies at 0x000001C0D4548D60>
    └ <wordcloud.wordcloud.WordCloud object at 0x000001C0866FF620>
  File "C:\Users\pearj\Desktop\Pycharm\biography_analyzer\.venv\Lib\site-packages\wordcloud\wordcloud.py", line 506, in generate_from_frequencies
    font = ImageFont.truetype(self.font_path, font_size)
           │         │        │    │          └ 600
           │         │        │    └ 'ipaexg'
           │         │        └ <wordcloud.wordcloud.WordCloud object at 0x000001C0866FF620>
           │         └ <function truetype at 0x000001C0D45480E0>
           └ <module 'PIL.ImageFont' from 'C:\\Users\\pearj\\Desktop\\Pycharm\\biography_analyzer\\.venv\\Lib\\site-packages\\PIL\\ImageFo...
  File "C:\Users\pearj\Desktop\Pycharm\biography_analyzer\.venv\Lib\site-packages\PIL\ImageFont.py", line 879, in truetype
    return freetype(font)
           │        └ 'ipaexg'
           └ <function truetype.<locals>.freetype at 0x000001C089427F60>
  File "C:\Users\pearj\Desktop\Pycharm\biography_analyzer\.venv\Lib\site-packages\PIL\ImageFont.py", line 876, in freetype
    return FreeTypeFont(font, size, index, encoding, layout_engine)
           │            │     │     │      │         └ None
           │            │     │     │      └ ''
           │            │     │     └ 0
           │            │     └ 600
           │            └ 'ipaexg'
           └ <class 'PIL.ImageFont.FreeTypeFont'>
  File "C:\Users\pearj\Desktop\Pycharm\biography_analyzer\.venv\Lib\site-packages\PIL\ImageFont.py", line 284, in __init__
    self.font = core.getfont(
    │           │    └ <built-in function getfont>
    │           └ <module 'PIL._imagingft' from 'C:\\Users\\pearj\\Desktop\\Pycharm\\biography_analyzer\\.venv\\Lib\\site-packages\\PIL\\_imagi...
    └ <PIL.ImageFont.FreeTypeFont object at 0x000001C0866FFB60>

OSError: cannot open resource
2025-02-21 21:57:38.019 | INFO     | __main__:main:15 - User input: アルベルト・アインシュタイン
2025-02-21 21:57:42.310 | INFO     | __main__:main:74 - Report generated at: data/output/report.html
2025-02-21 22:14:14.531 | INFO     | __main__:main:15 - User input: アルベルト・アインシュタイン
2025-02-21 22:14:16.413 | ERROR    | __main__:main:80 - Unexpected error: Visualizer() takes no arguments
Traceback (most recent call last):

  File "C:\Users\pearj\Desktop\Pycharm\biography_analyzer\main.py", line 84, in <module>
    main()
    └ <function main at 0x00000278EEA147C0>

> File "C:\Users\pearj\Desktop\Pycharm\biography_analyzer\main.py", line 42, in main
    visualizer = Visualizer(analyzer)
                 │          └ <analyzer.Analyzer object at 0x00000278D4750980>
                 └ <class 'visualizer.Visualizer'>

TypeError: Visualizer() takes no arguments
2025-02-21 22:17:13.507 | INFO     | __main__:main:15 - User input: アルベルト・アインシュタイン
2025-02-21 22:17:16.227 | ERROR    | __main__:main:80 - Unexpected error: Visualizer() takes no arguments
Traceback (most recent call last):

  File "C:\Users\pearj\Desktop\Pycharm\biography_analyzer\main.py", line 84, in <module>
    main()
    └ <function main at 0x0000022DD68847C0>

> File "C:\Users\pearj\Desktop\Pycharm\biography_analyzer\main.py", line 42, in main
    visualizer = Visualizer(analyzer)
                 │          └ <analyzer.Analyzer object at 0x0000022DBC604980>
                 └ <class 'visualizer.Visualizer'>

TypeError: Visualizer() takes no arguments
2025-02-21 22:18:38.909 | INFO     | __main__:main:15 - User input: アルベルト・アインシュタイン
2025-02-21 22:18:43.793 | ERROR    | __main__:main:80 - Unexpected error: cannot open resource
Traceback (most recent call last):

  File "C:\Users\pearj\Desktop\Pycharm\biography_analyzer\main.py", line 84, in <module>
    main()
    └ <function main at 0x0000020756F047C0>

> File "C:\Users\pearj\Desktop\Pycharm\biography_analyzer\main.py", line 56, in main
    visualizer.create_wordcloud(cleaned_text)
    │          │                └ 'アルベルト・アインシュタイン （ 独 : 、 1879年 3月14日 - 1955年 4月18日 ）は、 ドイツ 生まれの 理論物理学者 、 社会主義者 。 ユダヤ人 。 スイス連邦工科大学チューリッヒ校 卒業。 特殊相対性理論 および 一般相対性...
    │          └ <function Visualizer.create_wordcloud at 0x000002073C895760>
    └ <visualizer.Visualizer object at 0x000002073CBE0EC0>

  File "C:\Users\pearj\Desktop\Pycharm\biography_analyzer\visualizer.py", line 94, in create_wordcloud
    ).generate(text)
               └ 'アルベルト・アインシュタイン （ 独 : 、 1879年 3月14日 - 1955年 4月18日 ）は、 ドイツ 生まれの 理論物理学者 、 社会主義者 。 ユダヤ人 。 スイス連邦工科大学チューリッヒ校 卒業。 特殊相対性理論 および 一般相対性...

  File "C:\Users\pearj\Desktop\Pycharm\biography_analyzer\.venv\Lib\site-packages\wordcloud\wordcloud.py", line 642, in generate
    return self.generate_from_text(text)
           │    │                  └ 'アルベルト・アインシュタイン （ 独 : 、 1879年 3月14日 - 1955年 4月18日 ）は、 ドイツ 生まれの 理論物理学者 、 社会主義者 。 ユダヤ人 。 スイス連邦工科大学チューリッヒ校 卒業。 特殊相対性理論 および 一般相対性...
           │    └ <function WordCloud.generate_from_text at 0x000002070C338EA0>
           └ <wordcloud.wordcloud.WordCloud object at 0x000002073D387770>
  File "C:\Users\pearj\Desktop\Pycharm\biography_analyzer\.venv\Lib\site-packages\wordcloud\wordcloud.py", line 624, in generate_from_text
    self.generate_from_frequencies(words)
    │    │                         └ {'アルベルト': 5, 'アインシュタイン': 11, '独': 1, '1879年': 1, '3月14日': 1, '1955年': 1, '4月18日': 1, 'は': 11, 'ドイツ': 2, '生まれの': 1, '理論物理学者': ...
    │    └ <function WordCloud.generate_from_frequencies at 0x000002070C338D60>
    └ <wordcloud.wordcloud.WordCloud object at 0x000002073D387770>
  File "C:\Users\pearj\Desktop\Pycharm\biography_analyzer\.venv\Lib\site-packages\wordcloud\wordcloud.py", line 453, in generate_from_frequencies
    self.generate_from_frequencies(dict(frequencies[:2]),
    │    │                              └ [('の', 1.0), ('また', 0.8), ('アインシュタイン', 0.7333333333333333), ('は', 0.7333333333333333), ('アインシュタインは', 0.6666666666666666), ('し...
    │    └ <function WordCloud.generate_from_frequencies at 0x000002070C338D60>
    └ <wordcloud.wordcloud.WordCloud object at 0x000002073D387770>
  File "C:\Users\pearj\Desktop\Pycharm\biography_analyzer\.venv\Lib\site-packages\wordcloud\wordcloud.py", line 506, in generate_from_frequencies
    font = ImageFont.truetype(self.font_path, font_size)
           │         │        │    │          └ 600
           │         │        │    └ 'Noto Sans JP'
           │         │        └ <wordcloud.wordcloud.WordCloud object at 0x000002073D387770>
           │         └ <function truetype at 0x000002070C3380E0>
           └ <module 'PIL.ImageFont' from 'C:\\Users\\pearj\\Desktop\\Pycharm\\biography_analyzer\\.venv\\Lib\\site-packages\\PIL\\ImageFo...
  File "C:\Users\pearj\Desktop\Pycharm\biography_analyzer\.venv\Lib\site-packages\PIL\ImageFont.py", line 879, in truetype
    return freetype(font)
           │        └ 'Noto Sans JP'
           └ <function truetype.<locals>.freetype at 0x00000207400AFF60>
  File "C:\Users\pearj\Desktop\Pycharm\biography_analyzer\.venv\Lib\site-packages\PIL\ImageFont.py", line 876, in freetype
    return FreeTypeFont(font, size, index, encoding, layout_engine)
           │            │     │     │      │         └ None
           │            │     │     │      └ ''
           │            │     │     └ 0
           │            │     └ 600
           │            └ 'Noto Sans JP'
           └ <class 'PIL.ImageFont.FreeTypeFont'>
  File "C:\Users\pearj\Desktop\Pycharm\biography_analyzer\.venv\Lib\site-packages\PIL\ImageFont.py", line 284, in __init__
    self.font = core.getfont(
    │           │    └ <built-in function getfont>
    │           └ <module 'PIL._imagingft' from 'C:\\Users\\pearj\\Desktop\\Pycharm\\biography_analyzer\\.venv\\Lib\\site-packages\\PIL\\_imagi...
    └ <PIL.ImageFont.FreeTypeFont object at 0x000002073D387B60>

OSError: cannot open resource
2025-02-21 22:19:52.224 | INFO     | __main__:main:15 - User input: アルベルト・アインシュタイン
2025-02-21 22:19:55.980 | ERROR    | __main__:main:80 - Unexpected error: cannot open resource
Traceback (most recent call last):

  File "C:\Users\pearj\Desktop\Pycharm\biography_analyzer\main.py", line 84, in <module>
    main()
    └ <function main at 0x0000023D496A47C0>

> File "C:\Users\pearj\Desktop\Pycharm\biography_analyzer\main.py", line 56, in main
    visualizer.create_wordcloud(cleaned_text)
    │          │                └ 'アルベルト・アインシュタイン （ 独 : 、 1879年 3月14日 - 1955年 4月18日 ）は、 ドイツ 生まれの 理論物理学者 、 社会主義者 。 ユダヤ人 。 スイス連邦工科大学チューリッヒ校 卒業。 特殊相対性理論 および 一般相対性...
    │          └ <function Visualizer.create_wordcloud at 0x0000023D2F149760>
    └ <visualizer.Visualizer object at 0x0000023D2F494EC0>

  File "C:\Users\pearj\Desktop\Pycharm\biography_analyzer\visualizer.py", line 94, in create_wordcloud
    ).generate(text)
               └ 'アルベルト・アインシュタイン （ 独 : 、 1879年 3月14日 - 1955年 4月18日 ）は、 ドイツ 生まれの 理論物理学者 、 社会主義者 。 ユダヤ人 。 スイス連邦工科大学チューリッヒ校 卒業。 特殊相対性理論 および 一般相対性...

  File "C:\Users\pearj\Desktop\Pycharm\biography_analyzer\.venv\Lib\site-packages\wordcloud\wordcloud.py", line 642, in generate
    return self.generate_from_text(text)
           │    │                  └ 'アルベルト・アインシュタイン （ 独 : 、 1879年 3月14日 - 1955年 4月18日 ）は、 ドイツ 生まれの 理論物理学者 、 社会主義者 。 ユダヤ人 。 スイス連邦工科大学チューリッヒ校 卒業。 特殊相対性理論 および 一般相対性...
           │    └ <function WordCloud.generate_from_text at 0x0000023D7DB08EA0>
           └ <wordcloud.wordcloud.WordCloud object at 0x0000023D2FA9B770>
  File "C:\Users\pearj\Desktop\Pycharm\biography_analyzer\.venv\Lib\site-packages\wordcloud\wordcloud.py", line 624, in generate_from_text
    self.generate_from_frequencies(words)
    │    │                         └ {'アルベルト': 5, 'アインシュタイン': 11, '独': 1, '1879年': 1, '3月14日': 1, '1955年': 1, '4月18日': 1, 'は': 11, 'ドイツ': 2, '生まれの': 1, '理論物理学者': ...
    │    └ <function WordCloud.generate_from_frequencies at 0x0000023D7DB08D60>
    └ <wordcloud.wordcloud.WordCloud object at 0x0000023D2FA9B770>
  File "C:\Users\pearj\Desktop\Pycharm\biography_analyzer\.venv\Lib\site-packages\wordcloud\wordcloud.py", line 453, in generate_from_frequencies
    self.generate_from_frequencies(dict(frequencies[:2]),
    │    │                              └ [('の', 1.0), ('また', 0.8), ('アインシュタイン', 0.7333333333333333), ('は', 0.7333333333333333), ('アインシュタインは', 0.6666666666666666), ('し...
    │    └ <function WordCloud.generate_from_frequencies at 0x0000023D7DB08D60>
    └ <wordcloud.wordcloud.WordCloud object at 0x0000023D2FA9B770>
  File "C:\Users\pearj\Desktop\Pycharm\biography_analyzer\.venv\Lib\site-packages\wordcloud\wordcloud.py", line 506, in generate_from_frequencies
    font = ImageFont.truetype(self.font_path, font_size)
           │         │        │    │          └ 600
           │         │        │    └ 'Noto Sans CJK JP'
           │         │        └ <wordcloud.wordcloud.WordCloud object at 0x0000023D2FA9B770>
           │         └ <function truetype at 0x0000023D7DB080E0>
           └ <module 'PIL.ImageFont' from 'C:\\Users\\pearj\\Desktop\\Pycharm\\biography_analyzer\\.venv\\Lib\\site-packages\\PIL\\ImageFo...
  File "C:\Users\pearj\Desktop\Pycharm\biography_analyzer\.venv\Lib\site-packages\PIL\ImageFont.py", line 879, in truetype
    return freetype(font)
           │        └ 'Noto Sans CJK JP'
           └ <function truetype.<locals>.freetype at 0x0000023D327CBF60>
  File "C:\Users\pearj\Desktop\Pycharm\biography_analyzer\.venv\Lib\site-packages\PIL\ImageFont.py", line 876, in freetype
    return FreeTypeFont(font, size, index, encoding, layout_engine)
           │            │     │     │      │         └ None
           │            │     │     │      └ ''
           │            │     │     └ 0
           │            │     └ 600
           │            └ 'Noto Sans CJK JP'
           └ <class 'PIL.ImageFont.FreeTypeFont'>
  File "C:\Users\pearj\Desktop\Pycharm\biography_analyzer\.venv\Lib\site-packages\PIL\ImageFont.py", line 284, in __init__
    self.font = core.getfont(
    │           │    └ <built-in function getfont>
    │           └ <module 'PIL._imagingft' from 'C:\\Users\\pearj\\Desktop\\Pycharm\\biography_analyzer\\.venv\\Lib\\site-packages\\PIL\\_imagi...
    └ <PIL.ImageFont.FreeTypeFont object at 0x0000023D2FA9BB60>

OSError: cannot open resource
2025-02-21 22:23:05.632 | INFO     | __main__:main:15 - User input: アルベルト・アインシュタイン
2025-02-21 22:23:09.397 | ERROR    | __main__:main:80 - Unexpected error: cannot open resource
Traceback (most recent call last):

  File "C:\Users\pearj\Desktop\Pycharm\biography_analyzer\main.py", line 84, in <module>
    main()
    └ <function main at 0x000001C9CDCA47C0>

> File "C:\Users\pearj\Desktop\Pycharm\biography_analyzer\main.py", line 56, in main
    visualizer.create_wordcloud(cleaned_text)
    │          │                └ 'アルベルト・アインシュタイン （ 独 : 、 1879年 3月14日 - 1955年 4月18日 ）は、 ドイツ 生まれの 理論物理学者 、 社会主義者 。 ユダヤ人 。 スイス連邦工科大学チューリッヒ校 卒業。 特殊相対性理論 および 一般相対性...
    │          └ <function Visualizer.create_wordcloud at 0x000001C9B3715760>
    └ <visualizer.Visualizer object at 0x000001C9B3A60EC0>

  File "C:\Users\pearj\Desktop\Pycharm\biography_analyzer\visualizer.py", line 94, in create_wordcloud
    ).generate(text)
               └ 'アルベルト・アインシュタイン （ 独 : 、 1879年 3月14日 - 1955年 4月18日 ）は、 ドイツ 生まれの 理論物理学者 、 社会主義者 。 ユダヤ人 。 スイス連邦工科大学チューリッヒ校 卒業。 特殊相対性理論 および 一般相対性...

  File "C:\Users\pearj\Desktop\Pycharm\biography_analyzer\.venv\Lib\site-packages\wordcloud\wordcloud.py", line 642, in generate
    return self.generate_from_text(text)
           │    │                  └ 'アルベルト・アインシュタイン （ 独 : 、 1879年 3月14日 - 1955年 4月18日 ）は、 ドイツ 生まれの 理論物理学者 、 社会主義者 。 ユダヤ人 。 スイス連邦工科大学チューリッヒ校 卒業。 特殊相対性理論 および 一般相対性...
           │    └ <function WordCloud.generate_from_text at 0x000001C9831C8EA0>
           └ <wordcloud.wordcloud.WordCloud object at 0x000001C9B418B770>
  File "C:\Users\pearj\Desktop\Pycharm\biography_analyzer\.venv\Lib\site-packages\wordcloud\wordcloud.py", line 624, in generate_from_text
    self.generate_from_frequencies(words)
    │    │                         └ {'アルベルト': 5, 'アインシュタイン': 11, '独': 1, '1879年': 1, '3月14日': 1, '1955年': 1, '4月18日': 1, 'は': 11, 'ドイツ': 2, '生まれの': 1, '理論物理学者': ...
    │    └ <function WordCloud.generate_from_frequencies at 0x000001C9831C8D60>
    └ <wordcloud.wordcloud.WordCloud object at 0x000001C9B418B770>
  File "C:\Users\pearj\Desktop\Pycharm\biography_analyzer\.venv\Lib\site-packages\wordcloud\wordcloud.py", line 453, in generate_from_frequencies
    self.generate_from_frequencies(dict(frequencies[:2]),
    │    │                              └ [('の', 1.0), ('また', 0.8), ('アインシュタイン', 0.7333333333333333), ('は', 0.7333333333333333), ('アインシュタインは', 0.6666666666666666), ('し...
    │    └ <function WordCloud.generate_from_frequencies at 0x000001C9831C8D60>
    └ <wordcloud.wordcloud.WordCloud object at 0x000001C9B418B770>
  File "C:\Users\pearj\Desktop\Pycharm\biography_analyzer\.venv\Lib\site-packages\wordcloud\wordcloud.py", line 506, in generate_from_frequencies
    font = ImageFont.truetype(self.font_path, font_size)
           │         │        │    │          └ 600
           │         │        │    └ 'Noto Sans JP Thin'
           │         │        └ <wordcloud.wordcloud.WordCloud object at 0x000001C9B418B770>
           │         └ <function truetype at 0x000001C9831C80E0>
           └ <module 'PIL.ImageFont' from 'C:\\Users\\pearj\\Desktop\\Pycharm\\biography_analyzer\\.venv\\Lib\\site-packages\\PIL\\ImageFo...
  File "C:\Users\pearj\Desktop\Pycharm\biography_analyzer\.venv\Lib\site-packages\PIL\ImageFont.py", line 879, in truetype
    return freetype(font)
           │        └ 'Noto Sans JP Thin'
           └ <function truetype.<locals>.freetype at 0x000001C9B6EAFF60>
  File "C:\Users\pearj\Desktop\Pycharm\biography_analyzer\.venv\Lib\site-packages\PIL\ImageFont.py", line 876, in freetype
    return FreeTypeFont(font, size, index, encoding, layout_engine)
           │            │     │     │      │         └ None
           │            │     │     │      └ ''
           │            │     │     └ 0
           │            │     └ 600
           │            └ 'Noto Sans JP Thin'
           └ <class 'PIL.ImageFont.FreeTypeFont'>
  File "C:\Users\pearj\Desktop\Pycharm\biography_analyzer\.venv\Lib\site-packages\PIL\ImageFont.py", line 284, in __init__
    self.font = core.getfont(
    │           │    └ <built-in function getfont>
    │           └ <module 'PIL._imagingft' from 'C:\\Users\\pearj\\Desktop\\Pycharm\\biography_analyzer\\.venv\\Lib\\site-packages\\PIL\\_imagi...
    └ <PIL.ImageFont.FreeTypeFont object at 0x000001C9B418BB60>

OSError: cannot open resource
2025-02-21 22:24:42.166 | INFO     | __main__:main:15 - User input: アルベルト・アインシュタイン
2025-02-21 22:24:45.893 | ERROR    | __main__:main:80 - Unexpected error: cannot open resource
Traceback (most recent call last):

  File "C:\Users\pearj\Desktop\Pycharm\biography_analyzer\main.py", line 84, in <module>
    main()
    └ <function main at 0x000001CE70B647C0>

> File "C:\Users\pearj\Desktop\Pycharm\biography_analyzer\main.py", line 56, in main
    visualizer.create_wordcloud(cleaned_text)
    │          │                └ 'アルベルト・アインシュタイン （ 独 : 、 1879年 3月14日 - 1955年 4月18日 ）は、 ドイツ 生まれの 理論物理学者 、 社会主義者 。 ユダヤ人 。 スイス連邦工科大学チューリッヒ校 卒業。 特殊相対性理論 および 一般相対性...
    │          └ <function Visualizer.create_wordcloud at 0x000001CE56509B20>
    └ <visualizer.Visualizer object at 0x000001CE5684CEC0>

  File "C:\Users\pearj\Desktop\Pycharm\biography_analyzer\visualizer.py", line 94, in create_wordcloud
    ).generate(text)
               └ 'アルベルト・アインシュタイン （ 独 : 、 1879年 3月14日 - 1955年 4月18日 ）は、 ドイツ 生まれの 理論物理学者 、 社会主義者 。 ユダヤ人 。 スイス連邦工科大学チューリッヒ校 卒業。 特殊相対性理論 および 一般相対性...

  File "C:\Users\pearj\Desktop\Pycharm\biography_analyzer\.venv\Lib\site-packages\wordcloud\wordcloud.py", line 642, in generate
    return self.generate_from_text(text)
           │    │                  └ 'アルベルト・アインシュタイン （ 独 : 、 1879年 3月14日 - 1955年 4月18日 ）は、 ドイツ 生まれの 理論物理学者 、 社会主義者 。 ユダヤ人 。 スイス連邦工科大学チューリッヒ校 卒業。 特殊相対性理論 および 一般相対性...
           │    └ <function WordCloud.generate_from_text at 0x000001CE25FB5260>
           └ <wordcloud.wordcloud.WordCloud object at 0x000001CE56FEB770>
  File "C:\Users\pearj\Desktop\Pycharm\biography_analyzer\.venv\Lib\site-packages\wordcloud\wordcloud.py", line 624, in generate_from_text
    self.generate_from_frequencies(words)
    │    │                         └ {'アルベルト': 5, 'アインシュタイン': 11, '独': 1, '1879年': 1, '3月14日': 1, '1955年': 1, '4月18日': 1, 'は': 11, 'ドイツ': 2, '生まれの': 1, '理論物理学者': ...
    │    └ <function WordCloud.generate_from_frequencies at 0x000001CE25FB5120>
    └ <wordcloud.wordcloud.WordCloud object at 0x000001CE56FEB770>
  File "C:\Users\pearj\Desktop\Pycharm\biography_analyzer\.venv\Lib\site-packages\wordcloud\wordcloud.py", line 453, in generate_from_frequencies
    self.generate_from_frequencies(dict(frequencies[:2]),
    │    │                              └ [('の', 1.0), ('また', 0.8), ('アインシュタイン', 0.7333333333333333), ('は', 0.7333333333333333), ('アインシュタインは', 0.6666666666666666), ('し...
    │    └ <function WordCloud.generate_from_frequencies at 0x000001CE25FB5120>
    └ <wordcloud.wordcloud.WordCloud object at 0x000001CE56FEB770>
  File "C:\Users\pearj\Desktop\Pycharm\biography_analyzer\.venv\Lib\site-packages\wordcloud\wordcloud.py", line 506, in generate_from_frequencies
    font = ImageFont.truetype(self.font_path, font_size)
           │         │        │    │          └ 600
           │         │        │    └ 'Noto Sans JP Thin'
           │         │        └ <wordcloud.wordcloud.WordCloud object at 0x000001CE56FEB770>
           │         └ <function truetype at 0x000001CE25FB44A0>
           └ <module 'PIL.ImageFont' from 'C:\\Users\\pearj\\Desktop\\Pycharm\\biography_analyzer\\.venv\\Lib\\site-packages\\PIL\\ImageFo...
  File "C:\Users\pearj\Desktop\Pycharm\biography_analyzer\.venv\Lib\site-packages\PIL\ImageFont.py", line 879, in truetype
    return freetype(font)
           │        └ 'Noto Sans JP Thin'
           └ <function truetype.<locals>.freetype at 0x000001CE59CFBF60>
  File "C:\Users\pearj\Desktop\Pycharm\biography_analyzer\.venv\Lib\site-packages\PIL\ImageFont.py", line 876, in freetype
    return FreeTypeFont(font, size, index, encoding, layout_engine)
           │            │     │     │      │         └ None
           │            │     │     │      └ ''
           │            │     │     └ 0
           │            │     └ 600
           │            └ 'Noto Sans JP Thin'
           └ <class 'PIL.ImageFont.FreeTypeFont'>
  File "C:\Users\pearj\Desktop\Pycharm\biography_analyzer\.venv\Lib\site-packages\PIL\ImageFont.py", line 284, in __init__
    self.font = core.getfont(
    │           │    └ <built-in function getfont>
    │           └ <module 'PIL._imagingft' from 'C:\\Users\\pearj\\Desktop\\Pycharm\\biography_analyzer\\.venv\\Lib\\site-packages\\PIL\\_imagi...
    └ <PIL.ImageFont.FreeTypeFont object at 0x000001CE56FEBB60>

OSError: cannot open resource
2025-02-21 22:25:52.479 | INFO     | __main__:main:15 - User input: アルベルト・アインシュタイン
2025-02-21 22:25:58.221 | INFO     | __main__:main:74 - Report generated at: data/output/report.html
2025-02-21 22:27:51.899 | INFO     | __main__:main:15 - User input: アルベルト・アインシュタイン
2025-02-21 22:27:56.611 | INFO     | __main__:main:74 - Report generated at: data/output/report.html
2025-02-21 22:38:46.473 | INFO     | __main__:main:15 - User input: アルベルト・アインシュタイン
2025-02-21 22:38:50.191 | ERROR    | __main__:main:80 - Unexpected error: cannot open resource
Traceback (most recent call last):

  File "C:\Users\pearj\Desktop\Pycharm\biography_analyzer\main.py", line 84, in <module>
    main()
    └ <function main at 0x0000023DA52347C0>

> File "C:\Users\pearj\Desktop\Pycharm\biography_analyzer\main.py", line 56, in main
    visualizer.create_wordcloud(cleaned_text)
    │          │                └ 'アルベルト・アインシュタイン （ 独 : 、 1879年 3月14日 - 1955年 4月18日 ）は、 ドイツ 生まれの 理論物理学者 、 社会主義者 。 ユダヤ人 。 スイス連邦工科大学チューリッヒ校 卒業。 特殊相対性理論 および 一般相対性...
    │          └ <function Visualizer.create_wordcloud at 0x0000023DFFC79760>
    └ <visualizer.Visualizer object at 0x0000023DFFFB8EC0>

  File "C:\Users\pearj\Desktop\Pycharm\biography_analyzer\visualizer.py", line 98, in create_wordcloud
    ).generate(text)
               └ 'アルベルト・アインシュタイン （ 独 : 、 1879年 3月14日 - 1955年 4月18日 ）は、 ドイツ 生まれの 理論物理学者 、 社会主義者 。 ユダヤ人 。 スイス連邦工科大学チューリッヒ校 卒業。 特殊相対性理論 および 一般相対性...

  File "C:\Users\pearj\Desktop\Pycharm\biography_analyzer\.venv\Lib\site-packages\wordcloud\wordcloud.py", line 642, in generate
    return self.generate_from_text(text)
           │    │                  └ 'アルベルト・アインシュタイン （ 独 : 、 1879年 3月14日 - 1955年 4月18日 ）は、 ドイツ 生まれの 理論物理学者 、 社会主義者 。 ユダヤ人 。 スイス連邦工科大学チューリッヒ校 卒業。 特殊相対性理論 および 一般相対性...
           │    └ <function WordCloud.generate_from_text at 0x0000023DDA6D8EA0>
           └ <wordcloud.wordcloud.WordCloud object at 0x0000023D8BA7B770>
  File "C:\Users\pearj\Desktop\Pycharm\biography_analyzer\.venv\Lib\site-packages\wordcloud\wordcloud.py", line 624, in generate_from_text
    self.generate_from_frequencies(words)
    │    │                         └ {'アルベルト': 5, 'アインシュタイン': 11, '独': 1, '1879年': 1, '3月14日': 1, '1955年': 1, '4月18日': 1, 'は': 11, 'ドイツ': 2, '生まれの': 1, '理論物理学者': ...
    │    └ <function WordCloud.generate_from_frequencies at 0x0000023DDA6D8D60>
    └ <wordcloud.wordcloud.WordCloud object at 0x0000023D8BA7B770>
  File "C:\Users\pearj\Desktop\Pycharm\biography_analyzer\.venv\Lib\site-packages\wordcloud\wordcloud.py", line 453, in generate_from_frequencies
    self.generate_from_frequencies(dict(frequencies[:2]),
    │    │                              └ [('の', 1.0), ('また', 0.8), ('アインシュタイン', 0.7333333333333333), ('は', 0.7333333333333333), ('アインシュタインは', 0.6666666666666666), ('し...
    │    └ <function WordCloud.generate_from_frequencies at 0x0000023DDA6D8D60>
    └ <wordcloud.wordcloud.WordCloud object at 0x0000023D8BA7B770>
  File "C:\Users\pearj\Desktop\Pycharm\biography_analyzer\.venv\Lib\site-packages\wordcloud\wordcloud.py", line 506, in generate_from_frequencies
    font = ImageFont.truetype(self.font_path, font_size)
           │         │        │    │          └ 600
           │         │        │    └ 'Noto Sans CJK JP'
           │         │        └ <wordcloud.wordcloud.WordCloud object at 0x0000023D8BA7B770>
           │         └ <function truetype at 0x0000023DDA6D80E0>
           └ <module 'PIL.ImageFont' from 'C:\\Users\\pearj\\Desktop\\Pycharm\\biography_analyzer\\.venv\\Lib\\site-packages\\PIL\\ImageFo...
  File "C:\Users\pearj\Desktop\Pycharm\biography_analyzer\.venv\Lib\site-packages\PIL\ImageFont.py", line 879, in truetype
    return freetype(font)
           │        └ 'Noto Sans CJK JP'
           └ <function truetype.<locals>.freetype at 0x0000023D8E53BF60>
  File "C:\Users\pearj\Desktop\Pycharm\biography_analyzer\.venv\Lib\site-packages\PIL\ImageFont.py", line 876, in freetype
    return FreeTypeFont(font, size, index, encoding, layout_engine)
           │            │     │     │      │         └ None
           │            │     │     │      └ ''
           │            │     │     └ 0
           │            │     └ 600
           │            └ 'Noto Sans CJK JP'
           └ <class 'PIL.ImageFont.FreeTypeFont'>
  File "C:\Users\pearj\Desktop\Pycharm\biography_analyzer\.venv\Lib\site-packages\PIL\ImageFont.py", line 284, in __init__
    self.font = core.getfont(
    │           │    └ <built-in function getfont>
    │           └ <module 'PIL._imagingft' from 'C:\\Users\\pearj\\Desktop\\Pycharm\\biography_analyzer\\.venv\\Lib\\site-packages\\PIL\\_imagi...
    └ <PIL.ImageFont.FreeTypeFont object at 0x0000023D8BA7BB60>

OSError: cannot open resource
2025-02-21 22:41:45.202 | INFO     | __main__:main:15 - User input: アルベルト・アインシュタイン
2025-02-21 22:41:48.967 | ERROR    | __main__:main:80 - Unexpected error: cannot open resource
Traceback (most recent call last):

  File "C:\Users\pearj\Desktop\Pycharm\biography_analyzer\main.py", line 84, in <module>
    main()
    └ <function main at 0x000001DA426547C0>

> File "C:\Users\pearj\Desktop\Pycharm\biography_analyzer\main.py", line 56, in main
    visualizer.create_wordcloud(cleaned_text)
    │          │                └ 'アルベルト・アインシュタイン （ 独 : 、 1879年 3月14日 - 1955年 4月18日 ）は、 ドイツ 生まれの 理論物理学者 、 社会主義者 。 ユダヤ人 。 スイス連邦工科大学チューリッヒ校 卒業。 特殊相対性理論 および 一般相対性...
    │          └ <function Visualizer.create_wordcloud at 0x000001DA28089760>
    └ <visualizer.Visualizer object at 0x000001DA283C8EC0>

  File "C:\Users\pearj\Desktop\Pycharm\biography_analyzer\visualizer.py", line 98, in create_wordcloud
    ).generate(text)
               └ 'アルベルト・アインシュタイン （ 独 : 、 1879年 3月14日 - 1955年 4月18日 ）は、 ドイツ 生まれの 理論物理学者 、 社会主義者 。 ユダヤ人 。 スイス連邦工科大学チューリッヒ校 卒業。 特殊相対性理論 および 一般相対性...

  File "C:\Users\pearj\Desktop\Pycharm\biography_analyzer\.venv\Lib\site-packages\wordcloud\wordcloud.py", line 642, in generate
    return self.generate_from_text(text)
           │    │                  └ 'アルベルト・アインシュタイン （ 独 : 、 1879年 3月14日 - 1955年 4月18日 ）は、 ドイツ 生まれの 理論物理学者 、 社会主義者 。 ユダヤ人 。 スイス連邦工科大学チューリッヒ校 卒業。 特殊相対性理論 および 一般相対性...
           │    └ <function WordCloud.generate_from_text at 0x000001DA77A88EA0>
           └ <wordcloud.wordcloud.WordCloud object at 0x000001DA28DEB770>
  File "C:\Users\pearj\Desktop\Pycharm\biography_analyzer\.venv\Lib\site-packages\wordcloud\wordcloud.py", line 624, in generate_from_text
    self.generate_from_frequencies(words)
    │    │                         └ {'アルベルト': 5, 'アインシュタイン': 11, '独': 1, '1879年': 1, '3月14日': 1, '1955年': 1, '4月18日': 1, 'は': 11, 'ドイツ': 2, '生まれの': 1, '理論物理学者': ...
    │    └ <function WordCloud.generate_from_frequencies at 0x000001DA77A88D60>
    └ <wordcloud.wordcloud.WordCloud object at 0x000001DA28DEB770>
  File "C:\Users\pearj\Desktop\Pycharm\biography_analyzer\.venv\Lib\site-packages\wordcloud\wordcloud.py", line 453, in generate_from_frequencies
    self.generate_from_frequencies(dict(frequencies[:2]),
    │    │                              └ [('の', 1.0), ('また', 0.8), ('アインシュタイン', 0.7333333333333333), ('は', 0.7333333333333333), ('アインシュタインは', 0.6666666666666666), ('し...
    │    └ <function WordCloud.generate_from_frequencies at 0x000001DA77A88D60>
    └ <wordcloud.wordcloud.WordCloud object at 0x000001DA28DEB770>
  File "C:\Users\pearj\Desktop\Pycharm\biography_analyzer\.venv\Lib\site-packages\wordcloud\wordcloud.py", line 506, in generate_from_frequencies
    font = ImageFont.truetype(self.font_path, font_size)
           │         │        │    │          └ 600
           │         │        │    └ 'Noto Sans CJK JP'
           │         │        └ <wordcloud.wordcloud.WordCloud object at 0x000001DA28DEB770>
           │         └ <function truetype at 0x000001DA77A880E0>
           └ <module 'PIL.ImageFont' from 'C:\\Users\\pearj\\Desktop\\Pycharm\\biography_analyzer\\.venv\\Lib\\site-packages\\PIL\\ImageFo...
  File "C:\Users\pearj\Desktop\Pycharm\biography_analyzer\.venv\Lib\site-packages\PIL\ImageFont.py", line 879, in truetype
    return freetype(font)
           │        └ 'Noto Sans CJK JP'
           └ <function truetype.<locals>.freetype at 0x000001DA2B8C3F60>
  File "C:\Users\pearj\Desktop\Pycharm\biography_analyzer\.venv\Lib\site-packages\PIL\ImageFont.py", line 876, in freetype
    return FreeTypeFont(font, size, index, encoding, layout_engine)
           │            │     │     │      │         └ None
           │            │     │     │      └ ''
           │            │     │     └ 0
           │            │     └ 600
           │            └ 'Noto Sans CJK JP'
           └ <class 'PIL.ImageFont.FreeTypeFont'>
  File "C:\Users\pearj\Desktop\Pycharm\biography_analyzer\.venv\Lib\site-packages\PIL\ImageFont.py", line 284, in __init__
    self.font = core.getfont(
    │           │    └ <built-in function getfont>
    │           └ <module 'PIL._imagingft' from 'C:\\Users\\pearj\\Desktop\\Pycharm\\biography_analyzer\\.venv\\Lib\\site-packages\\PIL\\_imagi...
    └ <PIL.ImageFont.FreeTypeFont object at 0x000001DA28DEBB60>

OSError: cannot open resource
2025-02-21 22:43:33.796 | INFO     | __main__:main:15 - User input: アルベルト・アインシュタイン
2025-02-21 22:43:38.641 | INFO     | __main__:main:74 - Report generated at: data/output/report.html
2025-02-21 22:46:09.845 | INFO     | __main__:main:15 - User input: アルベルト・アインシュタイン
2025-02-21 22:46:13.582 | ERROR    | __main__:main:80 - Unexpected error: cannot open resource
Traceback (most recent call last):

  File "C:\Users\pearj\Desktop\Pycharm\biography_analyzer\main.py", line 84, in <module>
    main()
    └ <function main at 0x000002032E6B47C0>

> File "C:\Users\pearj\Desktop\Pycharm\biography_analyzer\main.py", line 56, in main
    visualizer.create_wordcloud(cleaned_text)
    │          │                └ 'アルベルト・アインシュタイン （ 独 : 、 1879年 3月14日 - 1955年 4月18日 ）は、 ドイツ 生まれの 理論物理学者 、 社会主義者 。 ユダヤ人 。 スイス連邦工科大学チューリッヒ校 卒業。 特殊相対性理論 および 一般相対性...
    │          └ <function Visualizer.create_wordcloud at 0x0000020314189760>
    └ <visualizer.Visualizer object at 0x00000203144C8EC0>

  File "C:\Users\pearj\Desktop\Pycharm\biography_analyzer\visualizer.py", line 98, in create_wordcloud
    ).generate(text)
               └ 'アルベルト・アインシュタイン （ 独 : 、 1879年 3月14日 - 1955年 4月18日 ）は、 ドイツ 生まれの 理論物理学者 、 社会主義者 。 ユダヤ人 。 スイス連邦工科大学チューリッヒ校 卒業。 特殊相対性理論 および 一般相対性...

  File "C:\Users\pearj\Desktop\Pycharm\biography_analyzer\.venv\Lib\site-packages\wordcloud\wordcloud.py", line 642, in generate
    return self.generate_from_text(text)
           │    │                  └ 'アルベルト・アインシュタイン （ 独 : 、 1879年 3月14日 - 1955年 4月18日 ）は、 ドイツ 生まれの 理論物理学者 、 社会主義者 。 ユダヤ人 。 スイス連邦工科大学チューリッヒ校 卒業。 特殊相対性理論 および 一般相対性...
           │    └ <function WordCloud.generate_from_text at 0x0000020362BB4EA0>
           └ <wordcloud.wordcloud.WordCloud object at 0x0000020314FAB770>
  File "C:\Users\pearj\Desktop\Pycharm\biography_analyzer\.venv\Lib\site-packages\wordcloud\wordcloud.py", line 624, in generate_from_text
    self.generate_from_frequencies(words)
    │    │                         └ {'アルベルト': 5, 'アインシュタイン': 11, '独': 1, '1879年': 1, '3月14日': 1, '1955年': 1, '4月18日': 1, 'は': 11, 'ドイツ': 2, '生まれの': 1, '理論物理学者': ...
    │    └ <function WordCloud.generate_from_frequencies at 0x0000020362BB4D60>
    └ <wordcloud.wordcloud.WordCloud object at 0x0000020314FAB770>
  File "C:\Users\pearj\Desktop\Pycharm\biography_analyzer\.venv\Lib\site-packages\wordcloud\wordcloud.py", line 453, in generate_from_frequencies
    self.generate_from_frequencies(dict(frequencies[:2]),
    │    │                              └ [('の', 1.0), ('また', 0.8), ('アインシュタイン', 0.7333333333333333), ('は', 0.7333333333333333), ('アインシュタインは', 0.6666666666666666), ('し...
    │    └ <function WordCloud.generate_from_frequencies at 0x0000020362BB4D60>
    └ <wordcloud.wordcloud.WordCloud object at 0x0000020314FAB770>
  File "C:\Users\pearj\Desktop\Pycharm\biography_analyzer\.venv\Lib\site-packages\wordcloud\wordcloud.py", line 506, in generate_from_frequencies
    font = ImageFont.truetype(self.font_path, font_size)
           │         │        │    │          └ 600
           │         │        │    └ 'NotoSansCJKjp-Thin.ttf'
           │         │        └ <wordcloud.wordcloud.WordCloud object at 0x0000020314FAB770>
           │         └ <function truetype at 0x0000020362BB40E0>
           └ <module 'PIL.ImageFont' from 'C:\\Users\\pearj\\Desktop\\Pycharm\\biography_analyzer\\.venv\\Lib\\site-packages\\PIL\\ImageFo...
  File "C:\Users\pearj\Desktop\Pycharm\biography_analyzer\.venv\Lib\site-packages\PIL\ImageFont.py", line 879, in truetype
    return freetype(font)
           │        └ 'NotoSansCJKjp-Thin.ttf'
           └ <function truetype.<locals>.freetype at 0x0000020317A6BF60>
  File "C:\Users\pearj\Desktop\Pycharm\biography_analyzer\.venv\Lib\site-packages\PIL\ImageFont.py", line 876, in freetype
    return FreeTypeFont(font, size, index, encoding, layout_engine)
           │            │     │     │      │         └ None
           │            │     │     │      └ ''
           │            │     │     └ 0
           │            │     └ 600
           │            └ 'NotoSansCJKjp-Thin.ttf'
           └ <class 'PIL.ImageFont.FreeTypeFont'>
  File "C:\Users\pearj\Desktop\Pycharm\biography_analyzer\.venv\Lib\site-packages\PIL\ImageFont.py", line 284, in __init__
    self.font = core.getfont(
    │           │    └ <built-in function getfont>
    │           └ <module 'PIL._imagingft' from 'C:\\Users\\pearj\\Desktop\\Pycharm\\biography_analyzer\\.venv\\Lib\\site-packages\\PIL\\_imagi...
    └ <PIL.ImageFont.FreeTypeFont object at 0x0000020314FABB60>

OSError: cannot open resource
2025-02-21 22:47:23.109 | INFO     | __main__:main:15 - User input: アルベルト・アインシュタイン
2025-02-21 22:47:28.089 | INFO     | __main__:main:74 - Report generated at: data/output/report.html
2025-02-21 22:49:51.845 | INFO     | __main__:main:15 - User input: アルベルト・アインシュタイン
2025-02-21 22:49:56.601 | INFO     | __main__:main:74 - Report generated at: data/output/report.html
2025-02-21 22:57:35.113 | INFO     | __main__:main:15 - User input: アルベルト・アインシュタイン
2025-02-21 22:57:39.908 | INFO     | __main__:main:74 - Report generated at: data/output/report.html
2025-02-21 23:10:41.141 | INFO     | __main__:main:15 - User input: アルベルト・アインシュタイン
2025-02-21 23:10:45.884 | INFO     | __main__:main:74 - Report generated at: data/output/report.html
2025-02-21 23:16:48.994 | INFO     | __main__:main:15 - User input: アルベルト・アインシュタイン
2025-02-21 23:16:55.953 | INFO     | __main__:main:74 - Report generated at: data/output/report.html
2025-02-21 23:30:50.241 | INFO     | __main__:main:15 - User input: アルベルト・アインシュタイン
2025-02-21 23:30:54.981 | INFO     | __main__:main:74 - Report generated at: data/output/report.html
